Using pre-set license
Built from '2020.3/staging' branch; Version is '2020.3.5f1 (8095aa901b9b) revision 8426922'; Using compiler version '192528614'; Build Type 'Release'
OS: 'Windows 10 Home; OS build 19041.985; Version 2004; 64bit' Language: 'de' Physical Memory: 16303 MB
BatchMode: 1, IsHumanControllingUs: 0, StartBugReporterOnCrash: 0, Is64bit: 1, IsPro: 0

 COMMAND LINE ARGUMENTS:
D:\Unity\UnityData\2020.3.5f1\Editor\Unity.exe
-adb2
-batchMode
-noUpm
-name
AssetImportWorker0
-projectPath
C:/Users/Simon Ruttmann/Desktop/Virtuelle Realit채t und Animation/3d-modellierung/Projekt2/Unity/Schachprojekt
-logFile
Logs/AssetImportWorker0.log
-srvPort
49882
Successfully changed project path to: C:/Users/Simon Ruttmann/Desktop/Virtuelle Realit채t und Animation/3d-modellierung/Projekt2/Unity/Schachprojekt
C:/Users/Simon Ruttmann/Desktop/Virtuelle Realit채t und Animation/3d-modellierung/Projekt2/Unity/Schachprojekt
Using Asset Import Pipeline V2.
Refreshing native plugins compatible for Editor in 53.21 ms, found 0 plugins.
Preloading 0 native plugins for Editor in 0.00 ms.
Initialize engine version: 2020.3.5f1 (8095aa901b9b)
[Subsystems] Discovering subsystems at path D:/Unity/UnityData/2020.3.5f1/Editor/Data/Resources/UnitySubsystems
[Subsystems] Discovering subsystems at path C:/Users/Simon Ruttmann/Desktop/Virtuelle Realit채t und Animation/3d-modellierung/Projekt2/Unity/Schachprojekt/Assets
GfxDevice: creating device client; threaded=0
Direct3D:
    Version:  Direct3D 11.0 [level 11.1]
    Renderer: NVIDIA GeForce GTX 1050 (ID=0x1c8d)
    Vendor:   
    VRAM:     1979 MB
    Driver:   24.21.13.9901
Initialize mono
Mono path[0] = 'D:/Unity/UnityData/2020.3.5f1/Editor/Data/Managed'
Mono path[1] = 'D:/Unity/UnityData/2020.3.5f1/Editor/Data/MonoBleedingEdge/lib/mono/unityjit'
Mono config path = 'D:/Unity/UnityData/2020.3.5f1/Editor/Data/MonoBleedingEdge/etc'
Using monoOptions --debugger-agent=transport=dt_socket,embedding=1,server=y,suspend=n,address=127.0.0.1:56040
Begin MonoManager ReloadAssembly
Registering precompiled unity dll's ...
Register platform support module: D:/Unity/UnityData/2020.3.5f1/Editor/Data/PlaybackEngines/WindowsStandaloneSupport/UnityEditor.WindowsStandalone.Extensions.dll
Registered in 0.001165 seconds.
Native extension for WindowsStandalone target not found
Refreshing native plugins compatible for Editor in 39.89 ms, found 0 plugins.
Preloading 0 native plugins for Editor in 0.00 ms.
Mono: successfully reloaded assembly
- Completed reload, in  1.001 seconds
Platform modules already initialized, skipping
Registering precompiled user dll's ...
Registered in 0.000889 seconds.
Begin MonoManager ReloadAssembly
Native extension for WindowsStandalone target not found
Refreshing native plugins compatible for Editor in 0.31 ms, found 0 plugins.
Preloading 0 native plugins for Editor in 0.00 ms.
Mono: successfully reloaded assembly
- Completed reload, in  1.112 seconds
Platform modules already initialized, skipping
========================================================================
Worker process is ready to serve import requests
Launched and connected shader compiler UnityShaderCompiler.exe after 0.18 seconds
Refreshing native plugins compatible for Editor in 0.32 ms, found 0 plugins.
Preloading 0 native plugins for Editor in 0.00 ms.
Unloading 1273 Unused Serialized files (Serialized files now loaded: 0)
System memory in use before: 71.4 MB.
System memory in use after: 71.2 MB.

Unloading 10 unused Assets to reduce memory usage. Loaded Objects now: 1721.
Total: 3.163700 ms (FindLiveObjects: 0.217800 ms CreateObjectMapping: 0.074100 ms MarkObjects: 2.573700 ms  DeleteObjects: 0.296700 ms)

========================================================================
Received Import Request.
  path: Assets/Skripte/Eingabe/ColliderInputReciever.cs
  artifactKey: Guid(f00a1b3ecdaf28f40bd9ed43b1204ade) Importer(815301076,1909f56bfc062723c751e8b465ee728b)
Start importing Assets/Skripte/Eingabe/ColliderInputReciever.cs using Guid(f00a1b3ecdaf28f40bd9ed43b1204ade) Importer(815301076,1909f56bfc062723c751e8b465ee728b)  -> (artifact id: 'd43b2739f06b15a470119ad5e3828327') in 0.118607 seconds
  Import took 0.121232 seconds .

========================================================================
Received Prepare
Registering precompiled user dll's ...
Registered in 0.001338 seconds.
Begin MonoManager ReloadAssembly
Native extension for WindowsStandalone target not found
Refreshing native plugins compatible for Editor in 0.61 ms, found 0 plugins.
Preloading 0 native plugins for Editor in 0.00 ms.
Mono: successfully reloaded assembly
- Completed reload, in  1.006 seconds
Platform modules already initialized, skipping
Refreshing native plugins compatible for Editor in 0.30 ms, found 0 plugins.
Preloading 0 native plugins for Editor in 0.00 ms.
Unloading 1247 Unused Serialized files (Serialized files now loaded: 0)
System memory in use before: 69.2 MB.
System memory in use after: 69.0 MB.

Unloading 5 unused Assets to reduce memory usage. Loaded Objects now: 1724.
Total: 3.282300 ms (FindLiveObjects: 0.310300 ms CreateObjectMapping: 0.095600 ms MarkObjects: 2.378500 ms  DeleteObjects: 0.495700 ms)

========================================================================
Received Prepare
Registering precompiled user dll's ...
Registered in 0.001366 seconds.
Begin MonoManager ReloadAssembly
Native extension for WindowsStandalone target not found
Refreshing native plugins compatible for Editor in 0.41 ms, found 0 plugins.
Preloading 0 native plugins for Editor in 0.00 ms.
Mono: successfully reloaded assembly
- Completed reload, in  1.265 seconds
Platform modules already initialized, skipping
Refreshing native plugins compatible for Editor in 0.36 ms, found 0 plugins.
Preloading 0 native plugins for Editor in 0.00 ms.
Unloading 1247 Unused Serialized files (Serialized files now loaded: 0)
System memory in use before: 69.3 MB.
System memory in use after: 69.0 MB.

Unloading 5 unused Assets to reduce memory usage. Loaded Objects now: 1727.
Total: 8.123300 ms (FindLiveObjects: 0.723000 ms CreateObjectMapping: 0.132400 ms MarkObjects: 6.171600 ms  DeleteObjects: 1.093300 ms)

========================================================================
Received Prepare
Registering precompiled user dll's ...
Registered in 0.000932 seconds.
Begin MonoManager ReloadAssembly
Native extension for WindowsStandalone target not found
Refreshing native plugins compatible for Editor in 0.32 ms, found 0 plugins.
Preloading 0 native plugins for Editor in 0.00 ms.
Mono: successfully reloaded assembly
- Completed reload, in  1.245 seconds
Platform modules already initialized, skipping
Refreshing native plugins compatible for Editor in 0.31 ms, found 0 plugins.
Preloading 0 native plugins for Editor in 0.00 ms.
Unloading 1247 Unused Serialized files (Serialized files now loaded: 0)
System memory in use before: 69.3 MB.
System memory in use after: 69.1 MB.

Unloading 5 unused Assets to reduce memory usage. Loaded Objects now: 1730.
Total: 5.362700 ms (FindLiveObjects: 0.605700 ms CreateObjectMapping: 0.144500 ms MarkObjects: 4.007300 ms  DeleteObjects: 0.602700 ms)

========================================================================
Received Prepare
Registering precompiled user dll's ...
Registered in 0.001414 seconds.
Begin MonoManager ReloadAssembly
Native extension for WindowsStandalone target not found
Refreshing native plugins compatible for Editor in 0.32 ms, found 0 plugins.
Preloading 0 native plugins for Editor in 0.00 ms.
Mono: successfully reloaded assembly
- Completed reload, in  1.048 seconds
Platform modules already initialized, skipping
Refreshing native plugins compatible for Editor in 0.31 ms, found 0 plugins.
Preloading 0 native plugins for Editor in 0.00 ms.
Unloading 1247 Unused Serialized files (Serialized files now loaded: 0)
System memory in use before: 69.3 MB.
System memory in use after: 69.1 MB.

Unloading 5 unused Assets to reduce memory usage. Loaded Objects now: 1733.
Total: 2.433100 ms (FindLiveObjects: 0.393800 ms CreateObjectMapping: 0.077400 ms MarkObjects: 1.640800 ms  DeleteObjects: 0.319500 ms)

========================================================================
Received Prepare
Registering precompiled user dll's ...
Registered in 0.001259 seconds.
Begin MonoManager ReloadAssembly
Native extension for WindowsStandalone target not found
Refreshing native plugins compatible for Editor in 0.36 ms, found 0 plugins.
Preloading 0 native plugins for Editor in 0.00 ms.
Mono: successfully reloaded assembly
- Completed reload, in  1.162 seconds
Platform modules already initialized, skipping
Refreshing native plugins compatible for Editor in 0.30 ms, found 0 plugins.
Preloading 0 native plugins for Editor in 0.00 ms.
Unloading 1247 Unused Serialized files (Serialized files now loaded: 0)
System memory in use before: 69.3 MB.
System memory in use after: 69.1 MB.

Unloading 5 unused Assets to reduce memory usage. Loaded Objects now: 1736.
Total: 3.612000 ms (FindLiveObjects: 0.266200 ms CreateObjectMapping: 0.057000 ms MarkObjects: 2.903700 ms  DeleteObjects: 0.383600 ms)

========================================================================
Received Prepare
Registering precompiled user dll's ...
Registered in 0.000896 seconds.
Begin MonoManager ReloadAssembly
Native extension for WindowsStandalone target not found
Refreshing native plugins compatible for Editor in 0.35 ms, found 0 plugins.
Preloading 0 native plugins for Editor in 0.00 ms.
Mono: successfully reloaded assembly
- Completed reload, in  1.128 seconds
Platform modules already initialized, skipping
Refreshing native plugins compatible for Editor in 0.40 ms, found 0 plugins.
Preloading 0 native plugins for Editor in 0.00 ms.
Unloading 1247 Unused Serialized files (Serialized files now loaded: 0)
System memory in use before: 69.3 MB.
System memory in use after: 69.1 MB.

Unloading 5 unused Assets to reduce memory usage. Loaded Objects now: 1739.
Total: 3.750600 ms (FindLiveObjects: 0.696000 ms CreateObjectMapping: 0.357700 ms MarkObjects: 2.320500 ms  DeleteObjects: 0.373000 ms)

========================================================================
Received Prepare
Registering precompiled user dll's ...
Registered in 0.001492 seconds.
Begin MonoManager ReloadAssembly
Native extension for WindowsStandalone target not found
Refreshing native plugins compatible for Editor in 0.31 ms, found 0 plugins.
Preloading 0 native plugins for Editor in 0.00 ms.
Mono: successfully reloaded assembly
- Completed reload, in  1.023 seconds
Platform modules already initialized, skipping
Refreshing native plugins compatible for Editor in 0.30 ms, found 0 plugins.
Preloading 0 native plugins for Editor in 0.00 ms.
Unloading 1247 Unused Serialized files (Serialized files now loaded: 0)
System memory in use before: 69.3 MB.
System memory in use after: 69.1 MB.

Unloading 5 unused Assets to reduce memory usage. Loaded Objects now: 1742.
Total: 4.206500 ms (FindLiveObjects: 0.412200 ms CreateObjectMapping: 0.125300 ms MarkObjects: 3.272900 ms  DeleteObjects: 0.394000 ms)

========================================================================
Received Prepare
Registering precompiled user dll's ...
Registered in 0.000927 seconds.
Begin MonoManager ReloadAssembly
Native extension for WindowsStandalone target not found
Refreshing native plugins compatible for Editor in 0.82 ms, found 0 plugins.
Preloading 0 native plugins for Editor in 0.00 ms.
Mono: successfully reloaded assembly
- Completed reload, in  1.490 seconds
Platform modules already initialized, skipping
Refreshing native plugins compatible for Editor in 0.53 ms, found 0 plugins.
Preloading 0 native plugins for Editor in 0.00 ms.
Unloading 1247 Unused Serialized files (Serialized files now loaded: 0)
System memory in use before: 69.3 MB.
System memory in use after: 69.1 MB.

Unloading 5 unused Assets to reduce memory usage. Loaded Objects now: 1745.
Total: 4.382900 ms (FindLiveObjects: 0.555800 ms CreateObjectMapping: 0.350800 ms MarkObjects: 3.086700 ms  DeleteObjects: 0.387500 ms)

========================================================================
Received Prepare
Registering precompiled user dll's ...
Registered in 0.002582 seconds.
Begin MonoManager ReloadAssembly
Native extension for WindowsStandalone target not found
Refreshing native plugins compatible for Editor in 0.74 ms, found 0 plugins.
Preloading 0 native plugins for Editor in 0.00 ms.
Mono: successfully reloaded assembly
- Completed reload, in  1.333 seconds
Platform modules already initialized, skipping
Refreshing native plugins compatible for Editor in 0.57 ms, found 0 plugins.
Preloading 0 native plugins for Editor in 0.00 ms.
Unloading 1247 Unused Serialized files (Serialized files now loaded: 0)
System memory in use before: 69.3 MB.
System memory in use after: 69.1 MB.

Unloading 5 unused Assets to reduce memory usage. Loaded Objects now: 1748.
Total: 3.138500 ms (FindLiveObjects: 0.255900 ms CreateObjectMapping: 0.119700 ms MarkObjects: 2.332200 ms  DeleteObjects: 0.428700 ms)

========================================================================
Received Prepare
Registering precompiled user dll's ...
Registered in 0.000929 seconds.
Begin MonoManager ReloadAssembly
Native extension for WindowsStandalone target not found
Refreshing native plugins compatible for Editor in 0.32 ms, found 0 plugins.
Preloading 0 native plugins for Editor in 0.00 ms.
Mono: successfully reloaded assembly
- Completed reload, in  1.191 seconds
Platform modules already initialized, skipping
Refreshing native plugins compatible for Editor in 0.52 ms, found 0 plugins.
Preloading 0 native plugins for Editor in 0.00 ms.
Unloading 1247 Unused Serialized files (Serialized files now loaded: 0)
System memory in use before: 69.3 MB.
System memory in use after: 69.1 MB.

Unloading 5 unused Assets to reduce memory usage. Loaded Objects now: 1751.
Total: 2.422900 ms (FindLiveObjects: 0.195100 ms CreateObjectMapping: 0.057400 ms MarkObjects: 1.755300 ms  DeleteObjects: 0.413300 ms)

========================================================================
Received Prepare
Registering precompiled user dll's ...
Registered in 0.001523 seconds.
Begin MonoManager ReloadAssembly
Native extension for WindowsStandalone target not found
Refreshing native plugins compatible for Editor in 0.35 ms, found 0 plugins.
Preloading 0 native plugins for Editor in 0.00 ms.
Mono: successfully reloaded assembly
- Completed reload, in  1.225 seconds
Platform modules already initialized, skipping
Refreshing native plugins compatible for Editor in 0.32 ms, found 0 plugins.
Preloading 0 native plugins for Editor in 0.00 ms.
Unloading 1247 Unused Serialized files (Serialized files now loaded: 0)
System memory in use before: 69.3 MB.
System memory in use after: 69.1 MB.

Unloading 5 unused Assets to reduce memory usage. Loaded Objects now: 1754.
Total: 3.434900 ms (FindLiveObjects: 0.318400 ms CreateObjectMapping: 0.121900 ms MarkObjects: 2.540600 ms  DeleteObjects: 0.452400 ms)

========================================================================
Received Prepare
Registering precompiled user dll's ...
Registered in 0.003317 seconds.
Begin MonoManager ReloadAssembly
Native extension for WindowsStandalone target not found
Refreshing native plugins compatible for Editor in 0.93 ms, found 0 plugins.
Preloading 0 native plugins for Editor in 0.00 ms.
Mono: successfully reloaded assembly
- Completed reload, in  2.216 seconds
Platform modules already initialized, skipping
Refreshing native plugins compatible for Editor in 0.60 ms, found 0 plugins.
Preloading 0 native plugins for Editor in 0.00 ms.
Unloading 1247 Unused Serialized files (Serialized files now loaded: 0)
System memory in use before: 69.3 MB.
System memory in use after: 69.1 MB.

Unloading 5 unused Assets to reduce memory usage. Loaded Objects now: 1757.
Total: 5.361900 ms (FindLiveObjects: 0.903600 ms CreateObjectMapping: 0.178000 ms MarkObjects: 3.815500 ms  DeleteObjects: 0.458100 ms)

========================================================================
Received Prepare
Registering precompiled user dll's ...
Registered in 0.001459 seconds.
Begin MonoManager ReloadAssembly
Native extension for WindowsStandalone target not found
Refreshing native plugins compatible for Editor in 0.83 ms, found 0 plugins.
Preloading 0 native plugins for Editor in 0.00 ms.
Mono: successfully reloaded assembly
- Completed reload, in  1.195 seconds
Platform modules already initialized, skipping
Refreshing native plugins compatible for Editor in 0.31 ms, found 0 plugins.
Preloading 0 native plugins for Editor in 0.00 ms.
Unloading 1247 Unused Serialized files (Serialized files now loaded: 0)
System memory in use before: 69.3 MB.
System memory in use after: 69.1 MB.

Unloading 5 unused Assets to reduce memory usage. Loaded Objects now: 1760.
Total: 2.336700 ms (FindLiveObjects: 0.224800 ms CreateObjectMapping: 0.053900 ms MarkObjects: 1.678600 ms  DeleteObjects: 0.378200 ms)

========================================================================
Received Prepare
Registering precompiled user dll's ...
Registered in 0.001571 seconds.
Begin MonoManager ReloadAssembly
Native extension for WindowsStandalone target not found
Refreshing native plugins compatible for Editor in 0.44 ms, found 0 plugins.
Preloading 0 native plugins for Editor in 0.00 ms.
Mono: successfully reloaded assembly
- Completed reload, in  1.890 seconds
Platform modules already initialized, skipping
Refreshing native plugins compatible for Editor in 0.47 ms, found 0 plugins.
Preloading 0 native plugins for Editor in 0.00 ms.
Unloading 1247 Unused Serialized files (Serialized files now loaded: 0)
System memory in use before: 69.3 MB.
System memory in use after: 69.1 MB.

Unloading 5 unused Assets to reduce memory usage. Loaded Objects now: 1763.
Total: 4.908000 ms (FindLiveObjects: 0.460900 ms CreateObjectMapping: 0.245000 ms MarkObjects: 3.724700 ms  DeleteObjects: 0.475100 ms)

========================================================================
Received Prepare
Registering precompiled user dll's ...
Registered in 0.001384 seconds.
Begin MonoManager ReloadAssembly
Native extension for WindowsStandalone target not found
Refreshing native plugins compatible for Editor in 0.42 ms, found 0 plugins.
Preloading 0 native plugins for Editor in 0.00 ms.
Mono: successfully reloaded assembly
- Completed reload, in  1.423 seconds
Platform modules already initialized, skipping
Refreshing native plugins compatible for Editor in 0.42 ms, found 0 plugins.
Preloading 0 native plugins for Editor in 0.00 ms.
Unloading 1247 Unused Serialized files (Serialized files now loaded: 0)
System memory in use before: 69.4 MB.
System memory in use after: 69.1 MB.

Unloading 5 unused Assets to reduce memory usage. Loaded Objects now: 1766.
Total: 5.089100 ms (FindLiveObjects: 0.818900 ms CreateObjectMapping: 0.329900 ms MarkObjects: 3.135600 ms  DeleteObjects: 0.802300 ms)

========================================================================
Received Prepare
Registering precompiled user dll's ...
Registered in 0.000999 seconds.
Begin MonoManager ReloadAssembly
Native extension for WindowsStandalone target not found
Refreshing native plugins compatible for Editor in 0.50 ms, found 0 plugins.
Preloading 0 native plugins for Editor in 0.00 ms.
Mono: successfully reloaded assembly
- Completed reload, in  1.346 seconds
Platform modules already initialized, skipping
Refreshing native plugins compatible for Editor in 0.34 ms, found 0 plugins.
Preloading 0 native plugins for Editor in 0.00 ms.
Unloading 1247 Unused Serialized files (Serialized files now loaded: 0)
System memory in use before: 69.3 MB.
System memory in use after: 69.1 MB.

Unloading 5 unused Assets to reduce memory usage. Loaded Objects now: 1769.
Total: 2.992600 ms (FindLiveObjects: 0.329300 ms CreateObjectMapping: 0.054200 ms MarkObjects: 2.230900 ms  DeleteObjects: 0.375500 ms)

========================================================================
Received Prepare
Registering precompiled user dll's ...
Registered in 0.000897 seconds.
Begin MonoManager ReloadAssembly
Native extension for WindowsStandalone target not found
Refreshing native plugins compatible for Editor in 0.30 ms, found 0 plugins.
Preloading 0 native plugins for Editor in 0.00 ms.
Mono: successfully reloaded assembly
- Completed reload, in  1.130 seconds
Platform modules already initialized, skipping
Refreshing native plugins compatible for Editor in 0.36 ms, found 0 plugins.
Preloading 0 native plugins for Editor in 0.00 ms.
Unloading 1247 Unused Serialized files (Serialized files now loaded: 0)
System memory in use before: 69.4 MB.
System memory in use after: 69.1 MB.

Unloading 5 unused Assets to reduce memory usage. Loaded Objects now: 1772.
Total: 2.335000 ms (FindLiveObjects: 0.353900 ms CreateObjectMapping: 0.076900 ms MarkObjects: 1.557700 ms  DeleteObjects: 0.345100 ms)

========================================================================
Received Prepare
Registering precompiled user dll's ...
Registered in 0.000966 seconds.
Begin MonoManager ReloadAssembly
Native extension for WindowsStandalone target not found
Refreshing native plugins compatible for Editor in 0.63 ms, found 0 plugins.
Preloading 0 native plugins for Editor in 0.00 ms.
Mono: successfully reloaded assembly
- Completed reload, in  1.134 seconds
Platform modules already initialized, skipping
Refreshing native plugins compatible for Editor in 0.30 ms, found 0 plugins.
Preloading 0 native plugins for Editor in 0.00 ms.
Unloading 1247 Unused Serialized files (Serialized files now loaded: 0)
System memory in use before: 69.4 MB.
System memory in use after: 69.1 MB.

Unloading 5 unused Assets to reduce memory usage. Loaded Objects now: 1775.
Total: 2.274900 ms (FindLiveObjects: 0.282800 ms CreateObjectMapping: 0.069400 ms MarkObjects: 1.566200 ms  DeleteObjects: 0.355300 ms)

========================================================================
Received Prepare
Registering precompiled user dll's ...
Registered in 0.001091 seconds.
Begin MonoManager ReloadAssembly
Native extension for WindowsStandalone target not found
Refreshing native plugins compatible for Editor in 0.38 ms, found 0 plugins.
Preloading 0 native plugins for Editor in 0.00 ms.
Mono: successfully reloaded assembly
- Completed reload, in  1.174 seconds
Platform modules already initialized, skipping
Refreshing native plugins compatible for Editor in 0.33 ms, found 0 plugins.
Preloading 0 native plugins for Editor in 0.00 ms.
Unloading 1247 Unused Serialized files (Serialized files now loaded: 0)
System memory in use before: 69.4 MB.
System memory in use after: 69.2 MB.

Unloading 5 unused Assets to reduce memory usage. Loaded Objects now: 1778.
Total: 4.054800 ms (FindLiveObjects: 0.394100 ms CreateObjectMapping: 0.050600 ms MarkObjects: 3.183700 ms  DeleteObjects: 0.423800 ms)

========================================================================
Received Prepare
Registering precompiled user dll's ...
Registered in 0.004882 seconds.
Begin MonoManager ReloadAssembly
Native extension for WindowsStandalone target not found
Refreshing native plugins compatible for Editor in 0.42 ms, found 0 plugins.
Preloading 0 native plugins for Editor in 0.00 ms.
Mono: successfully reloaded assembly
- Completed reload, in  3.889 seconds
Platform modules already initialized, skipping
Refreshing native plugins compatible for Editor in 0.61 ms, found 0 plugins.
Preloading 0 native plugins for Editor in 0.00 ms.
Unloading 1247 Unused Serialized files (Serialized files now loaded: 0)
System memory in use before: 69.4 MB.
System memory in use after: 69.2 MB.

Unloading 5 unused Assets to reduce memory usage. Loaded Objects now: 1781.
Total: 6.174200 ms (FindLiveObjects: 0.556100 ms CreateObjectMapping: 0.190300 ms MarkObjects: 4.905300 ms  DeleteObjects: 0.519800 ms)

AssetImportWorkerClient::OnTransportError - code=2 error=End of file
