Using pre-set license
Built from '2020.3/staging' branch; Version is '2020.3.5f1 (8095aa901b9b) revision 8426922'; Using compiler version '192528614'; Build Type 'Release'
OS: 'Windows 10 Home; OS build 19041.928; Version 2004; 64bit' Language: 'de' Physical Memory: 16303 MB
BatchMode: 1, IsHumanControllingUs: 0, StartBugReporterOnCrash: 0, Is64bit: 1, IsPro: 0

 COMMAND LINE ARGUMENTS:
D:\Unity\UnityData\2020.3.5f1\Editor\Unity.exe
-adb2
-batchMode
-noUpm
-name
AssetImportWorker0
-projectPath
C:/Users/Simon Ruttmann/Desktop/Virtuelle Realit채t und Animation/3d-modellierung/Projekt2/Unity/Schachprojekt
-logFile
Logs/AssetImportWorker0.log
-srvPort
50971
Successfully changed project path to: C:/Users/Simon Ruttmann/Desktop/Virtuelle Realit채t und Animation/3d-modellierung/Projekt2/Unity/Schachprojekt
C:/Users/Simon Ruttmann/Desktop/Virtuelle Realit채t und Animation/3d-modellierung/Projekt2/Unity/Schachprojekt
Using Asset Import Pipeline V2.
Refreshing native plugins compatible for Editor in 28.20 ms, found 0 plugins.
Preloading 0 native plugins for Editor in 0.00 ms.
Initialize engine version: 2020.3.5f1 (8095aa901b9b)
[Subsystems] Discovering subsystems at path D:/Unity/UnityData/2020.3.5f1/Editor/Data/Resources/UnitySubsystems
[Subsystems] Discovering subsystems at path C:/Users/Simon Ruttmann/Desktop/Virtuelle Realit채t und Animation/3d-modellierung/Projekt2/Unity/Schachprojekt/Assets
GfxDevice: creating device client; threaded=0
Direct3D:
    Version:  Direct3D 11.0 [level 11.1]
    Renderer: NVIDIA GeForce GTX 1050 (ID=0x1c8d)
    Vendor:   
    VRAM:     1979 MB
    Driver:   24.21.13.9901
Initialize mono
Mono path[0] = 'D:/Unity/UnityData/2020.3.5f1/Editor/Data/Managed'
Mono path[1] = 'D:/Unity/UnityData/2020.3.5f1/Editor/Data/MonoBleedingEdge/lib/mono/unityjit'
Mono config path = 'D:/Unity/UnityData/2020.3.5f1/Editor/Data/MonoBleedingEdge/etc'
Using monoOptions --debugger-agent=transport=dt_socket,embedding=1,server=y,suspend=n,address=127.0.0.1:56844
Begin MonoManager ReloadAssembly
Registering precompiled unity dll's ...
Register platform support module: D:/Unity/UnityData/2020.3.5f1/Editor/Data/PlaybackEngines/WindowsStandaloneSupport/UnityEditor.WindowsStandalone.Extensions.dll
Registered in 0.001185 seconds.
Native extension for WindowsStandalone target not found
Refreshing native plugins compatible for Editor in 65.20 ms, found 0 plugins.
Preloading 0 native plugins for Editor in 0.00 ms.
Mono: successfully reloaded assembly
- Completed reload, in  3.536 seconds
Platform modules already initialized, skipping
Registering precompiled user dll's ...
Registered in 0.001597 seconds.
Begin MonoManager ReloadAssembly
Native extension for WindowsStandalone target not found
Refreshing native plugins compatible for Editor in 0.30 ms, found 0 plugins.
Preloading 0 native plugins for Editor in 0.00 ms.
Mono: successfully reloaded assembly
- Completed reload, in  1.587 seconds
Platform modules already initialized, skipping
========================================================================
Worker process is ready to serve import requests
Launched and connected shader compiler UnityShaderCompiler.exe after 0.53 seconds
Refreshing native plugins compatible for Editor in 0.49 ms, found 0 plugins.
Preloading 0 native plugins for Editor in 0.00 ms.
Unloading 1115 Unused Serialized files (Serialized files now loaded: 0)
System memory in use before: 57.5 MB.
System memory in use after: 57.5 MB.

Unloading 10 unused Assets to reduce memory usage. Loaded Objects now: 1557.
Total: 28.781400 ms (FindLiveObjects: 0.814200 ms CreateObjectMapping: 0.128400 ms MarkObjects: 27.702500 ms  DeleteObjects: 0.132900 ms)

========================================================================
Received Import Request.
  path: Assets/KANONE.fbx
  artifactKey: Guid(c12d036256ec2444293e92f94f320f75) Importer(815301076,1909f56bfc062723c751e8b465ee728b)
Start importing Assets/KANONE.fbx using Guid(c12d036256ec2444293e92f94f320f75) Importer(815301076,1909f56bfc062723c751e8b465ee728b)  -> (artifact id: '5829ef13c2a1b6bc6eed235c6cb7e8cd') in 1.248891 seconds
  Import took 1.253176 seconds .

========================================================================
Received Import Request.
  Time since last request: 76.718391 seconds.
  path: Assets/KANONE.controller
  artifactKey: Guid(66874c9ee61e66249b79f16d3c45f94e) Importer(815301076,1909f56bfc062723c751e8b465ee728b)
Start importing Assets/KANONE.controller using Guid(66874c9ee61e66249b79f16d3c45f94e) Importer(815301076,1909f56bfc062723c751e8b465ee728b)  -> (artifact id: '553cfbfd2f55d55bc0d7258a6424ea5e') in 0.008268 seconds
  Import took 0.010503 seconds .

========================================================================
Received Import Request.
  Time since last request: 0.023606 seconds.
  path: Assets/KANONE.controller
  artifactKey: Guid(66874c9ee61e66249b79f16d3c45f94e) Importer(815301076,1909f56bfc062723c751e8b465ee728b)
Start importing Assets/KANONE.controller using Guid(66874c9ee61e66249b79f16d3c45f94e) Importer(815301076,1909f56bfc062723c751e8b465ee728b)  -> (artifact id: '553cfbfd2f55d55bc0d7258a6424ea5e') in 0.012959 seconds
  Import took 0.018354 seconds .

========================================================================
Received Import Request.
  Time since last request: 953.119643 seconds.
  path: Assets/Standard Assets
  artifactKey: Guid(c6195a43a0187a34e9c6be23520d3766) Importer(815301076,1909f56bfc062723c751e8b465ee728b)
Start importing Assets/Standard Assets using Guid(c6195a43a0187a34e9c6be23520d3766) Importer(815301076,1909f56bfc062723c751e8b465ee728b)  -> (artifact id: 'fff3211cf3a26180aafedac806c9d3f5') in 0.029978 seconds
  Import took 0.036101 seconds .

========================================================================
Received Import Request.
  Time since last request: 11.729453 seconds.
  path: Assets/Standard Assets/Environment/SpeedTree/Broadleaf/BroadleafBark.tga
  artifactKey: Guid(2c1c27ec8c3b75a4c80a795adc9ca788) Importer(815301076,1909f56bfc062723c751e8b465ee728b)
Start importing Assets/Standard Assets/Environment/SpeedTree/Broadleaf/BroadleafBark.tga using Guid(2c1c27ec8c3b75a4c80a795adc9ca788) Importer(815301076,1909f56bfc062723c751e8b465ee728b)  -> (artifact id: 'c0ed6f980dcd1c4fee7b31b089ce4e18') in 0.041795 seconds
  Import took 0.044824 seconds .

========================================================================
Received Import Request.
  Time since last request: 0.000226 seconds.
  path: Assets/Standard Assets/Environment/SpeedTree/Broadleaf/BroadleafBark_Normal.tga
  artifactKey: Guid(34f07406286974e4ca236867d8d58b51) Importer(815301076,1909f56bfc062723c751e8b465ee728b)
Start importing Assets/Standard Assets/Environment/SpeedTree/Broadleaf/BroadleafBark_Normal.tga using Guid(34f07406286974e4ca236867d8d58b51) Importer(815301076,1909f56bfc062723c751e8b465ee728b)  -> (artifact id: '0a72143183bc584c017d08888cd2fa40') in 0.045689 seconds
  Import took 0.049269 seconds .

========================================================================
Received Import Request.
  Time since last request: 3.809048 seconds.
  path: Assets/Standard Assets/ParticleSystems/Prefabs/Afterburner.prefab
  artifactKey: Guid(d8c41be67f41aa545ae053b0b927f821) Importer(815301076,1909f56bfc062723c751e8b465ee728b)
Start importing Assets/Standard Assets/ParticleSystems/Prefabs/Afterburner.prefab using Guid(d8c41be67f41aa545ae053b0b927f821) Importer(815301076,1909f56bfc062723c751e8b465ee728b)  -> (artifact id: '347cd422f9e6f073e39e072ff373e90e') in 0.123013 seconds
  Import took 0.137856 seconds .

========================================================================
Received Import Request.
  Time since last request: 0.000309 seconds.
  path: Assets/Standard Assets/Vehicles/Aircraft/Materials/AircraftFuselageGrey.mat
  artifactKey: Guid(141b5bb76b8b39342a5a787acbeaabfd) Importer(815301076,1909f56bfc062723c751e8b465ee728b)
Start importing Assets/Standard Assets/Vehicles/Aircraft/Materials/AircraftFuselageGrey.mat using Guid(141b5bb76b8b39342a5a787acbeaabfd) Importer(815301076,1909f56bfc062723c751e8b465ee728b)  -> (artifact id: 'f4100010da207fe407421b7c934c0701') in 1.839768 seconds
  Import took 1.866281 seconds .

========================================================================
Received Import Request.
  Time since last request: 0.002400 seconds.
  path: Assets/Standard Assets/Vehicles/Aircraft/Models/AircraftFuselage.fbx
  artifactKey: Guid(4fea6053a1424d44daf193f09be2d491) Importer(815301076,1909f56bfc062723c751e8b465ee728b)
Start importing Assets/Standard Assets/Vehicles/Aircraft/Models/AircraftFuselage.fbx using Guid(4fea6053a1424d44daf193f09be2d491) Importer(815301076,1909f56bfc062723c751e8b465ee728b)  -> (artifact id: '03566b295ecb56992d6798158f6b9947') in 0.485455 seconds
  Import took 0.503941 seconds .

========================================================================
Received Import Request.
  Time since last request: 0.008434 seconds.
  path: Assets/Standard Assets/Vehicles/Aircraft/Materials/AircraftFuselageWhite.mat
  artifactKey: Guid(6f36a222811073946936cf1cdeb78f9c) Importer(815301076,1909f56bfc062723c751e8b465ee728b)
Start importing Assets/Standard Assets/Vehicles/Aircraft/Materials/AircraftFuselageWhite.mat using Guid(6f36a222811073946936cf1cdeb78f9c) Importer(815301076,1909f56bfc062723c751e8b465ee728b)  -> (artifact id: 'f706d9992bdc3aeb990c5f52580fb957') in 0.124058 seconds
  Import took 0.130515 seconds .

========================================================================
Received Import Request.
  Time since last request: 0.001208 seconds.
  path: Assets/Standard Assets/Characters/FirstPersonCharacter/Prefabs/FPSController.prefab
  artifactKey: Guid(5e9e851c0e142814dac026a256ba2ac0) Importer(815301076,1909f56bfc062723c751e8b465ee728b)
Start importing Assets/Standard Assets/Characters/FirstPersonCharacter/Prefabs/FPSController.prefab using Guid(5e9e851c0e142814dac026a256ba2ac0) Importer(815301076,1909f56bfc062723c751e8b465ee728b)  -> (artifact id: '2fb78dd920b8e82bca4ad45e4dc17f74') in 0.035218 seconds
  Import took 0.040152 seconds .

========================================================================
Received Import Request.
  Time since last request: 0.000318 seconds.
  path: Assets/Standard Assets/Vehicles/Aircraft/Textures/AircraftFuselageNormals.png
  artifactKey: Guid(c7e9ae087ac710a4980ed418c192e2fb) Importer(815301076,1909f56bfc062723c751e8b465ee728b)
Start importing Assets/Standard Assets/Vehicles/Aircraft/Textures/AircraftFuselageNormals.png using Guid(c7e9ae087ac710a4980ed418c192e2fb) Importer(815301076,1909f56bfc062723c751e8b465ee728b)  -> (artifact id: '1f3e7146955ac64c91210bdaec19e5fb') in 0.200045 seconds
  Import took 0.210040 seconds .

========================================================================
Received Import Request.
  Time since last request: 0.000466 seconds.
  path: Assets/Standard Assets/Vehicles/Aircraft/Prefabs/AircraftJet.prefab
  artifactKey: Guid(147d826ca4c5a834a9dfe5db390c47f4) Importer(815301076,1909f56bfc062723c751e8b465ee728b)
Start importing Assets/Standard Assets/Vehicles/Aircraft/Prefabs/AircraftJet.prefab using Guid(147d826ca4c5a834a9dfe5db390c47f4) Importer(815301076,1909f56bfc062723c751e8b465ee728b)  -> (artifact id: 'e0e91a41b2f5ea86b297b6bf8867dda9') in 0.987453 seconds
  Import took 1.009322 seconds .

========================================================================
Received Import Request.
  Time since last request: 0.000476 seconds.
  path: Assets/Standard Assets/Characters/FirstPersonCharacter/Prefabs/RigidBodyFPSController.prefab
  artifactKey: Guid(c6453f8e1f814744d8b94e5a6d1f9942) Importer(815301076,1909f56bfc062723c751e8b465ee728b)
Start importing Assets/Standard Assets/Characters/FirstPersonCharacter/Prefabs/RigidBodyFPSController.prefab using Guid(c6453f8e1f814744d8b94e5a6d1f9942) Importer(815301076,1909f56bfc062723c751e8b465ee728b)  -> (artifact id: 'c66b386a6f12c8e18d4472173d708e3a') in 0.015249 seconds
  Import took 0.023371 seconds .

========================================================================
Received Import Request.
  Time since last request: 0.000476 seconds.
  path: Assets/Standard Assets/Vehicles/Aircraft/Textures/AircraftFuselageOcclusion.png
  artifactKey: Guid(d378ff11c42566d46b0b11cd91eca3a3) Importer(815301076,1909f56bfc062723c751e8b465ee728b)
Start importing Assets/Standard Assets/Vehicles/Aircraft/Textures/AircraftFuselageOcclusion.png using Guid(d378ff11c42566d46b0b11cd91eca3a3) Importer(815301076,1909f56bfc062723c751e8b465ee728b)  -> (artifact id: '9df8ff90b62ab9ada11e6f3d98a41442') in 0.038988 seconds
  Import took 0.041953 seconds .

========================================================================
Received Import Request.
  Time since last request: 410.697780 seconds.
  path: Assets/SampleScenes/Models/Brick.fbx
  artifactKey: Guid(9ced0c52dc1504d4da20513052fdc602) Importer(815301076,1909f56bfc062723c751e8b465ee728b)
Start importing Assets/SampleScenes/Models/Brick.fbx using Guid(9ced0c52dc1504d4da20513052fdc602) Importer(815301076,1909f56bfc062723c751e8b465ee728b)  -> (artifact id: 'deed871633f863f4d9e8162034969711') in 1.542334 seconds
  Import took 1.551716 seconds .

========================================================================
Received Import Request.
  Time since last request: 0.000844 seconds.
  path: Assets/SampleScenes/Models/GoalPosts.fbx
  artifactKey: Guid(dbd33ca8053b5cb4790c6766343d4fb9) Importer(815301076,1909f56bfc062723c751e8b465ee728b)
Start importing Assets/SampleScenes/Models/GoalPosts.fbx using Guid(dbd33ca8053b5cb4790c6766343d4fb9) Importer(815301076,1909f56bfc062723c751e8b465ee728b)  -> (artifact id: '2bcf0de9e358b8f5e346503069f87953') in 0.122466 seconds
  Import took 0.130968 seconds .

========================================================================
Received Import Request.
  Time since last request: 0.000673 seconds.
  path: Assets/SampleScenes/Models/GroundRunway.FBX
  artifactKey: Guid(b02e63c7c24117e45acd64f6e5ede314) Importer(815301076,1909f56bfc062723c751e8b465ee728b)
Start importing Assets/SampleScenes/Models/GroundRunway.FBX using Guid(b02e63c7c24117e45acd64f6e5ede314) Importer(815301076,1909f56bfc062723c751e8b465ee728b)  -> (artifact id: '5ad87416f51ee0b439268c3ee29e5c5a') in 0.299858 seconds
  Import took 0.306942 seconds .

========================================================================
Received Import Request.
  Time since last request: 0.000842 seconds.
  path: Assets/SampleScenes/Models/Cube.fbx
  artifactKey: Guid(ef6178546f77bc546af127fb4c56da0c) Importer(815301076,1909f56bfc062723c751e8b465ee728b)
Start importing Assets/SampleScenes/Models/Cube.fbx using Guid(ef6178546f77bc546af127fb4c56da0c) Importer(815301076,1909f56bfc062723c751e8b465ee728b)  -> (artifact id: '1e481ad4a0a60626c00a132f725ae316') in 0.025465 seconds
  Import took 0.033912 seconds .

========================================================================
Received Import Request.
  Time since last request: 0.000532 seconds.
  path: Assets/SampleScenes/Models/GroundObstacles.FBX
  artifactKey: Guid(f57127cfcc32ab9419af130b6a9211fb) Importer(815301076,1909f56bfc062723c751e8b465ee728b)
Start importing Assets/SampleScenes/Models/GroundObstacles.FBX using Guid(f57127cfcc32ab9419af130b6a9211fb) Importer(815301076,1909f56bfc062723c751e8b465ee728b)  -> (artifact id: '6cf554f589144dc40c29c12c7230d899') in 0.069177 seconds
  Import took 0.075469 seconds .

========================================================================
Received Import Request.
  Time since last request: 78.970878 seconds.
  path: Assets/Standard Assets/Utility/SimpleActivatorMenu.cs
  artifactKey: Guid(69b69a5b0e0a85b4aa97a7edc40c37d1) Importer(815301076,1909f56bfc062723c751e8b465ee728b)
Start importing Assets/Standard Assets/Utility/SimpleActivatorMenu.cs using Guid(69b69a5b0e0a85b4aa97a7edc40c37d1) Importer(815301076,1909f56bfc062723c751e8b465ee728b)  -> (artifact id: 'a68df3b25154f1fee40493466a32cdd9') in 0.041674 seconds
  Import took 0.045096 seconds .

========================================================================
Received Prepare
Registering precompiled user dll's ...
Registered in 0.001596 seconds.
Begin MonoManager ReloadAssembly
Native extension for WindowsStandalone target not found
Refreshing native plugins compatible for Editor in 0.34 ms, found 0 plugins.
Preloading 0 native plugins for Editor in 0.00 ms.
[ScriptCompilation] NOT recompiling all scripts because this is an import worker process. Reason to compile was: Define symbols changed
Mono: successfully reloaded assembly
- Completed reload, in  1.888 seconds
Platform modules already initialized, skipping
Refreshing native plugins compatible for Editor in 0.43 ms, found 0 plugins.
Preloading 0 native plugins for Editor in 0.00 ms.
Unloading 1241 Unused Serialized files (Serialized files now loaded: 0)
System memory in use before: 86.2 MB.
System memory in use after: 81.9 MB.

Unloading 28 unused Assets to reduce memory usage. Loaded Objects now: 1726.
Total: 26.586000 ms (FindLiveObjects: 2.008100 ms CreateObjectMapping: 0.527400 ms MarkObjects: 5.533900 ms  DeleteObjects: 18.512500 ms)

========================================================================
Received Import Request.
  Time since last request: 107.968294 seconds.
  path: Assets/KANONE.controller
  artifactKey: Guid(66874c9ee61e66249b79f16d3c45f94e) Importer(815301076,1909f56bfc062723c751e8b465ee728b)
Start importing Assets/KANONE.controller using Guid(66874c9ee61e66249b79f16d3c45f94e) Importer(815301076,1909f56bfc062723c751e8b465ee728b)  -> (artifact id: 'c10c1a59b43ace94ceb729274dcbaae9') in 0.029010 seconds
  Import took 0.033060 seconds .

========================================================================
Received Prepare
Registering precompiled user dll's ...
Registered in 0.001000 seconds.
Begin MonoManager ReloadAssembly
Native extension for WindowsStandalone target not found
Refreshing native plugins compatible for Editor in 0.33 ms, found 0 plugins.
Preloading 0 native plugins for Editor in 0.00 ms.
[ScriptCompilation] NOT recompiling all scripts because this is an import worker process. Reason to compile was: Define symbols changed
Mono: successfully reloaded assembly
- Completed reload, in  2.218 seconds
Platform modules already initialized, skipping
Refreshing native plugins compatible for Editor in 0.28 ms, found 0 plugins.
Preloading 0 native plugins for Editor in 0.00 ms.
Unloading 1240 Unused Serialized files (Serialized files now loaded: 0)
System memory in use before: 86.1 MB.
System memory in use after: 81.8 MB.

Unloading 26 unused Assets to reduce memory usage. Loaded Objects now: 1729.
Total: 6.238700 ms (FindLiveObjects: 0.915700 ms CreateObjectMapping: 0.255100 ms MarkObjects: 1.972000 ms  DeleteObjects: 3.089200 ms)

========================================================================
Received Prepare
Registering precompiled user dll's ...
Registered in 0.000915 seconds.
Begin MonoManager ReloadAssembly
Native extension for WindowsStandalone target not found
Refreshing native plugins compatible for Editor in 0.38 ms, found 0 plugins.
Preloading 0 native plugins for Editor in 0.00 ms.
[ScriptCompilation] NOT recompiling all scripts because this is an import worker process. Reason to compile was: Define symbols changed
Mono: successfully reloaded assembly
- Completed reload, in  1.077 seconds
Platform modules already initialized, skipping
Refreshing native plugins compatible for Editor in 0.30 ms, found 0 plugins.
Preloading 0 native plugins for Editor in 0.00 ms.
Unloading 1240 Unused Serialized files (Serialized files now loaded: 0)
System memory in use before: 86.1 MB.
System memory in use after: 81.8 MB.

Unloading 26 unused Assets to reduce memory usage. Loaded Objects now: 1732.
Total: 10.060400 ms (FindLiveObjects: 0.575000 ms CreateObjectMapping: 0.219600 ms MarkObjects: 4.905800 ms  DeleteObjects: 4.357100 ms)

========================================================================
Received Import Request.
  Time since last request: 1085.367508 seconds.
  path: Assets/Figurenverwaltung.cs
  artifactKey: Guid(91b5c84ed4d7e604898012ca4165dbc3) Importer(815301076,1909f56bfc062723c751e8b465ee728b)
Start importing Assets/Figurenverwaltung.cs using Guid(91b5c84ed4d7e604898012ca4165dbc3) Importer(815301076,1909f56bfc062723c751e8b465ee728b)  -> (artifact id: '1ff01d2723b1ba4d7cb84ff1e8274e80') in 0.025649 seconds
  Import took 0.028952 seconds .

========================================================================
Received Prepare
Registering precompiled user dll's ...
Registered in 0.001046 seconds.
Begin MonoManager ReloadAssembly
Native extension for WindowsStandalone target not found
Refreshing native plugins compatible for Editor in 0.30 ms, found 0 plugins.
Preloading 0 native plugins for Editor in 0.00 ms.
[ScriptCompilation] NOT recompiling all scripts because this is an import worker process. Reason to compile was: Define symbols changed
Mono: successfully reloaded assembly
- Completed reload, in  1.102 seconds
Platform modules already initialized, skipping
Refreshing native plugins compatible for Editor in 0.35 ms, found 0 plugins.
Preloading 0 native plugins for Editor in 0.00 ms.
Unloading 1241 Unused Serialized files (Serialized files now loaded: 0)
System memory in use before: 86.2 MB.
System memory in use after: 81.9 MB.

Unloading 26 unused Assets to reduce memory usage. Loaded Objects now: 1736.
Total: 5.305500 ms (FindLiveObjects: 0.201500 ms CreateObjectMapping: 0.051000 ms MarkObjects: 1.928300 ms  DeleteObjects: 3.123200 ms)

========================================================================
Received Prepare
Registering precompiled user dll's ...
Registered in 0.001030 seconds.
Begin MonoManager ReloadAssembly
Native extension for WindowsStandalone target not found
Refreshing native plugins compatible for Editor in 0.32 ms, found 0 plugins.
Preloading 0 native plugins for Editor in 0.00 ms.
[ScriptCompilation] NOT recompiling all scripts because this is an import worker process. Reason to compile was: Define symbols changed
Mono: successfully reloaded assembly
- Completed reload, in  2.334 seconds
Platform modules already initialized, skipping
Refreshing native plugins compatible for Editor in 0.31 ms, found 0 plugins.
Preloading 0 native plugins for Editor in 0.00 ms.
Unloading 1241 Unused Serialized files (Serialized files now loaded: 0)
System memory in use before: 86.1 MB.
System memory in use after: 81.9 MB.

Unloading 26 unused Assets to reduce memory usage. Loaded Objects now: 1739.
Total: 7.947500 ms (FindLiveObjects: 0.923200 ms CreateObjectMapping: 0.666400 ms MarkObjects: 3.039300 ms  DeleteObjects: 3.315400 ms)

========================================================================
Received Import Request.
  Time since last request: 121.766716 seconds.
  path: Assets/Figurenverwaltung.cs
  artifactKey: Guid(91b5c84ed4d7e604898012ca4165dbc3) Importer(815301076,1909f56bfc062723c751e8b465ee728b)
Start importing Assets/Figurenverwaltung.cs using Guid(91b5c84ed4d7e604898012ca4165dbc3) Importer(815301076,1909f56bfc062723c751e8b465ee728b)  -> (artifact id: '867038dd719882e0e9b655163508fc3a') in 0.004886 seconds
  Import took 0.008274 seconds .

========================================================================
Received Import Request.
  Time since last request: 1.139197 seconds.
  path: Assets/SchachBehaviourSkript.cs
  artifactKey: Guid(79c5ef8c8bf44d64f8d9aa311214f0c7) Importer(815301076,1909f56bfc062723c751e8b465ee728b)
Start importing Assets/SchachBehaviourSkript.cs using Guid(79c5ef8c8bf44d64f8d9aa311214f0c7) Importer(815301076,1909f56bfc062723c751e8b465ee728b)  -> (artifact id: 'a82d65d355996d7f4cfa7f12dc58e697') in 0.017480 seconds
  Import took 0.025451 seconds .

========================================================================
Received Import Request.
  Time since last request: 88.144486 seconds.
  path: Assets/SchachBehaviourSkript.cs
  artifactKey: Guid(79c5ef8c8bf44d64f8d9aa311214f0c7) Importer(815301076,1909f56bfc062723c751e8b465ee728b)
Start importing Assets/SchachBehaviourSkript.cs using Guid(79c5ef8c8bf44d64f8d9aa311214f0c7) Importer(815301076,1909f56bfc062723c751e8b465ee728b)  -> (artifact id: '86f7669180bb10c72947660a96873c2e') in 0.135090 seconds
  Import took 0.157319 seconds .

========================================================================
Received Prepare
Registering precompiled user dll's ...
Registered in 0.002245 seconds.
Begin MonoManager ReloadAssembly
Native extension for WindowsStandalone target not found
Refreshing native plugins compatible for Editor in 0.30 ms, found 0 plugins.
Preloading 0 native plugins for Editor in 0.00 ms.
[ScriptCompilation] NOT recompiling all scripts because this is an import worker process. Reason to compile was: Define symbols changed
Mono: successfully reloaded assembly
- Completed reload, in  0.980 seconds
Platform modules already initialized, skipping
Refreshing native plugins compatible for Editor in 0.31 ms, found 0 plugins.
Preloading 0 native plugins for Editor in 0.00 ms.
Unloading 1241 Unused Serialized files (Serialized files now loaded: 0)
System memory in use before: 86.1 MB.
System memory in use after: 81.8 MB.

Unloading 26 unused Assets to reduce memory usage. Loaded Objects now: 1742.
Total: 7.491400 ms (FindLiveObjects: 0.624100 ms CreateObjectMapping: 0.148600 ms MarkObjects: 2.333500 ms  DeleteObjects: 4.382600 ms)

========================================================================
Received Import Request.
  Time since last request: 30.532021 seconds.
  path: Assets/SchachBehaviourSkript.cs
  artifactKey: Guid(79c5ef8c8bf44d64f8d9aa311214f0c7) Importer(815301076,1909f56bfc062723c751e8b465ee728b)
Start importing Assets/SchachBehaviourSkript.cs using Guid(79c5ef8c8bf44d64f8d9aa311214f0c7) Importer(815301076,1909f56bfc062723c751e8b465ee728b)  -> (artifact id: 'b846fedb973ce88c204c105bcdf91031') in 0.007289 seconds
  Import took 0.011450 seconds .

========================================================================
Received Prepare
Registering precompiled user dll's ...
Registered in 0.001576 seconds.
Begin MonoManager ReloadAssembly
Native extension for WindowsStandalone target not found
Refreshing native plugins compatible for Editor in 0.30 ms, found 0 plugins.
Preloading 0 native plugins for Editor in 0.00 ms.
[ScriptCompilation] NOT recompiling all scripts because this is an import worker process. Reason to compile was: Define symbols changed
Mono: successfully reloaded assembly
- Completed reload, in  2.180 seconds
Platform modules already initialized, skipping
Refreshing native plugins compatible for Editor in 0.30 ms, found 0 plugins.
Preloading 0 native plugins for Editor in 0.00 ms.
Unloading 1241 Unused Serialized files (Serialized files now loaded: 0)
System memory in use before: 86.2 MB.
System memory in use after: 81.9 MB.

Unloading 26 unused Assets to reduce memory usage. Loaded Objects now: 1745.
Total: 5.640400 ms (FindLiveObjects: 0.220900 ms CreateObjectMapping: 0.058900 ms MarkObjects: 1.670900 ms  DeleteObjects: 3.687200 ms)

========================================================================
Received Prepare
Registering precompiled user dll's ...
Registered in 0.002562 seconds.
Begin MonoManager ReloadAssembly
Native extension for WindowsStandalone target not found
Refreshing native plugins compatible for Editor in 0.58 ms, found 0 plugins.
Preloading 0 native plugins for Editor in 0.00 ms.
[ScriptCompilation] NOT recompiling all scripts because this is an import worker process. Reason to compile was: Define symbols changed
Mono: successfully reloaded assembly
- Completed reload, in  1.851 seconds
Platform modules already initialized, skipping
Refreshing native plugins compatible for Editor in 1.05 ms, found 0 plugins.
Preloading 0 native plugins for Editor in 0.00 ms.
Unloading 1241 Unused Serialized files (Serialized files now loaded: 0)
System memory in use before: 86.3 MB.
System memory in use after: 81.9 MB.

Unloading 26 unused Assets to reduce memory usage. Loaded Objects now: 1748.
Total: 12.211500 ms (FindLiveObjects: 0.712800 ms CreateObjectMapping: 0.099700 ms MarkObjects: 4.149400 ms  DeleteObjects: 7.244100 ms)

========================================================================
Received Prepare
Registering precompiled user dll's ...
Registered in 0.001255 seconds.
Begin MonoManager ReloadAssembly
Native extension for WindowsStandalone target not found
Refreshing native plugins compatible for Editor in 0.36 ms, found 0 plugins.
Preloading 0 native plugins for Editor in 0.00 ms.
[ScriptCompilation] NOT recompiling all scripts because this is an import worker process. Reason to compile was: Define symbols changed
Mono: successfully reloaded assembly
- Completed reload, in  1.193 seconds
Platform modules already initialized, skipping
Refreshing native plugins compatible for Editor in 1.10 ms, found 0 plugins.
Preloading 0 native plugins for Editor in 0.00 ms.
Unloading 1241 Unused Serialized files (Serialized files now loaded: 0)
System memory in use before: 86.3 MB.
System memory in use after: 81.9 MB.

Unloading 26 unused Assets to reduce memory usage. Loaded Objects now: 1751.
Total: 14.016800 ms (FindLiveObjects: 0.699300 ms CreateObjectMapping: 0.205800 ms MarkObjects: 6.557500 ms  DeleteObjects: 6.551300 ms)

========================================================================
Received Prepare
Registering precompiled user dll's ...
Registered in 0.001071 seconds.
Begin MonoManager ReloadAssembly
Native extension for WindowsStandalone target not found
Refreshing native plugins compatible for Editor in 1.29 ms, found 0 plugins.
Preloading 0 native plugins for Editor in 0.00 ms.
[ScriptCompilation] NOT recompiling all scripts because this is an import worker process. Reason to compile was: Define symbols changed
Mono: successfully reloaded assembly
- Completed reload, in  2.403 seconds
Platform modules already initialized, skipping
Refreshing native plugins compatible for Editor in 0.48 ms, found 0 plugins.
Preloading 0 native plugins for Editor in 0.00 ms.
Unloading 1241 Unused Serialized files (Serialized files now loaded: 0)
System memory in use before: 86.2 MB.
System memory in use after: 81.9 MB.

Unloading 26 unused Assets to reduce memory usage. Loaded Objects now: 1754.
Total: 14.029000 ms (FindLiveObjects: 0.317600 ms CreateObjectMapping: 0.184100 ms MarkObjects: 9.245500 ms  DeleteObjects: 4.279500 ms)

========================================================================
Received Prepare
Registering precompiled user dll's ...
Registered in 0.002245 seconds.
Begin MonoManager ReloadAssembly
Native extension for WindowsStandalone target not found
Refreshing native plugins compatible for Editor in 0.47 ms, found 0 plugins.
Preloading 0 native plugins for Editor in 0.00 ms.
[ScriptCompilation] NOT recompiling all scripts because this is an import worker process. Reason to compile was: Define symbols changed
Mono: successfully reloaded assembly
- Completed reload, in  1.567 seconds
Platform modules already initialized, skipping
Refreshing native plugins compatible for Editor in 0.27 ms, found 0 plugins.
Preloading 0 native plugins for Editor in 0.00 ms.
Unloading 1241 Unused Serialized files (Serialized files now loaded: 0)
System memory in use before: 86.1 MB.
System memory in use after: 81.9 MB.

Unloading 26 unused Assets to reduce memory usage. Loaded Objects now: 1757.
Total: 9.009400 ms (FindLiveObjects: 0.840100 ms CreateObjectMapping: 0.286200 ms MarkObjects: 3.445800 ms  DeleteObjects: 4.433400 ms)

========================================================================
Received Prepare
Registering precompiled user dll's ...
Registered in 0.002595 seconds.
Begin MonoManager ReloadAssembly
Native extension for WindowsStandalone target not found
Refreshing native plugins compatible for Editor in 0.33 ms, found 0 plugins.
Preloading 0 native plugins for Editor in 0.00 ms.
[ScriptCompilation] NOT recompiling all scripts because this is an import worker process. Reason to compile was: Define symbols changed
Mono: successfully reloaded assembly
- Completed reload, in  2.349 seconds
Platform modules already initialized, skipping
Refreshing native plugins compatible for Editor in 0.29 ms, found 0 plugins.
Preloading 0 native plugins for Editor in 0.00 ms.
Unloading 1241 Unused Serialized files (Serialized files now loaded: 0)
System memory in use before: 86.3 MB.
System memory in use after: 81.9 MB.

Unloading 26 unused Assets to reduce memory usage. Loaded Objects now: 1760.
Total: 10.062300 ms (FindLiveObjects: 0.960300 ms CreateObjectMapping: 0.174500 ms MarkObjects: 4.914100 ms  DeleteObjects: 4.007500 ms)

AssetImportWorkerClient::OnTransportError - code=2 error=End of file
