Using pre-set license
Built from '2020.3/release' branch; Version is '2020.3.7f1 (dd97f2c94397) revision 14522354'; Using compiler version '192528614'; Build Type 'Release'
OS: 'Windows 10 Enterprise LTSC 2019; OS build 17763.1457; Version 1809; 64bit' Language: 'de' Physical Memory: 32692 MB
BatchMode: 1, IsHumanControllingUs: 0, StartBugReporterOnCrash: 0, Is64bit: 1, IsPro: 0

 COMMAND LINE ARGUMENTS:
C:\Program Files\Unity\Hub\Editor\2020.3.7f1\Editor\Unity.exe
-adb2
-batchMode
-noUpm
-name
AssetImportWorker0
-projectPath
C:/Users/Student/3d-modellierung/Projekt2/Unity/New Unity Project
-logFile
Logs/AssetImportWorker0.log
-srvPort
58167
Successfully changed project path to: C:/Users/Student/3d-modellierung/Projekt2/Unity/New Unity Project
C:/Users/Student/3d-modellierung/Projekt2/Unity/New Unity Project
Using Asset Import Pipeline V2.
Refreshing native plugins compatible for Editor in 36.05 ms, found 6 plugins.
Preloading 1 native plugins for Editor in 0.99 ms.
Initialize engine version: 2020.3.7f1 (dd97f2c94397)
[Subsystems] Discovering subsystems at path C:/Program Files/Unity/Hub/Editor/2020.3.7f1/Editor/Data/Resources/UnitySubsystems
[Subsystems] Discovering subsystems at path C:/Users/Student/3d-modellierung/Projekt2/Unity/New Unity Project/Assets
GfxDevice: creating device client; threaded=0
Direct3D:
    Version:  Direct3D 11.0 [level 11.1]
    Renderer: NVIDIA GeForce GTX 1080 Ti (ID=0x1b06)
    Vendor:   
    VRAM:     11127 MB
    Driver:   27.21.14.5167
Initialize mono
Mono path[0] = 'C:/Program Files/Unity/Hub/Editor/2020.3.7f1/Editor/Data/Managed'
Mono path[1] = 'C:/Program Files/Unity/Hub/Editor/2020.3.7f1/Editor/Data/MonoBleedingEdge/lib/mono/unityjit'
Mono config path = 'C:/Program Files/Unity/Hub/Editor/2020.3.7f1/Editor/Data/MonoBleedingEdge/etc'
Using monoOptions --debugger-agent=transport=dt_socket,embedding=1,server=y,suspend=n,address=127.0.0.1:56432
Begin MonoManager ReloadAssembly
Registering precompiled unity dll's ...
Register platform support module: C:/Program Files/Unity/Hub/Editor/2020.3.7f1/Editor/Data/PlaybackEngines/WindowsStandaloneSupport/UnityEditor.WindowsStandalone.Extensions.dll
Registered in 0.001938 seconds.
Native extension for WindowsStandalone target not found
Refreshing native plugins compatible for Editor in 177.51 ms, found 6 plugins.
Preloading 1 native plugins for Editor in 0.10 ms.
Mono: successfully reloaded assembly
- Completed reload, in  1.076 seconds
Platform modules already initialized, skipping
Registering precompiled user dll's ...
Registered in 0.004728 seconds.
Begin MonoManager ReloadAssembly
Native extension for WindowsStandalone target not found
Refreshing native plugins compatible for Editor in 0.38 ms, found 6 plugins.
Preloading 1 native plugins for Editor in 0.07 ms.
[XR] OculusXRPlugin: registering subsystems
[XR] Unable to register display lifecyle provider: [1]
[XR] Oculus Input lifecycle provider registered.
[XR] Unable to register input lifecyle provider: [1]
NullReferenceException: Object reference not set to an instance of an object
  at Unity.XR.Oculus.OculusLoader.AssetPathToAbsolutePath (System.String assetPath) [0x00048] in C:\Users\Student\3d-modellierung\Projekt2\Unity\New Unity Project\Library\PackageCache\com.unity.xr.oculus@1.9.1\Runtime\OculusLoader.cs:249 
  at Unity.XR.Oculus.OculusLoader.EditorLoadOVRPlugin () [0x0007b] in C:\Users\Student\3d-modellierung\Projekt2\Unity\New Unity Project\Library\PackageCache\com.unity.xr.oculus@1.9.1\Runtime\OculusLoader.cs:234 

(Filename: Library/PackageCache/com.unity.xr.oculus@1.9.1/Runtime/OculusLoader.cs Line: 249)

Mono: successfully reloaded assembly
- Completed reload, in  0.998 seconds
Platform modules already initialized, skipping
========================================================================
Worker process is ready to serve import requests
Launched and connected shader compiler UnityShaderCompiler.exe after 0.04 seconds
Refreshing native plugins compatible for Editor in 0.68 ms, found 6 plugins.
Preloading 1 native plugins for Editor in 0.10 ms.
Unloading 1457 Unused Serialized files (Serialized files now loaded: 0)
System memory in use before: 71.4 MB.
System memory in use after: 71.4 MB.

Unloading 13 unused Assets to reduce memory usage. Loaded Objects now: 1899.
Total: 1.643600 ms (FindLiveObjects: 0.208800 ms CreateObjectMapping: 0.067600 ms MarkObjects: 1.296300 ms  DeleteObjects: 0.069600 ms)

========================================================================
Received Import Request.
  path: Assets/SteamVR_Resources/Resources/SteamVR_Settings.asset
  artifactKey: Guid(85b93476d33b95e41ba7dd339827fb3a) Importer(815301076,1909f56bfc062723c751e8b465ee728b)
Start importing Assets/SteamVR_Resources/Resources/SteamVR_Settings.asset using Guid(85b93476d33b95e41ba7dd339827fb3a) Importer(815301076,1909f56bfc062723c751e8b465ee728b)  -> (artifact id: 'fc143db203491eafd999250974fa48eb') in 0.034924 seconds
  Import took 0.036998 seconds .

========================================================================
Received Import Request.
  Time since last request: 0.000188 seconds.
  path: Assets/SteamVR_Resources/Resources
  artifactKey: Guid(695ed16d3ad88c34383b3ca970f7fda4) Importer(815301076,1909f56bfc062723c751e8b465ee728b)
Start importing Assets/SteamVR_Resources/Resources using Guid(695ed16d3ad88c34383b3ca970f7fda4) Importer(815301076,1909f56bfc062723c751e8b465ee728b)  -> (artifact id: '4520e218a34b9e9fb6e7b663806d46fb') in 0.006471 seconds
  Import took 0.008317 seconds .

========================================================================
Received Import Request.
  Time since last request: 0.000149 seconds.
  path: Assets/SteamVR_Resources
  artifactKey: Guid(942bf5862c1e0a44ab89fa984b23920f) Importer(815301076,1909f56bfc062723c751e8b465ee728b)
Start importing Assets/SteamVR_Resources using Guid(942bf5862c1e0a44ab89fa984b23920f) Importer(815301076,1909f56bfc062723c751e8b465ee728b)  -> (artifact id: '5133c4a53ecd7e0ddde93c2aaaa85cd0') in 0.008124 seconds
  Import took 0.010295 seconds .

========================================================================
Received Import Request.
  Time since last request: 2.146364 seconds.
  path: Assets/XR
  artifactKey: Guid(da502993b04f8d942be607c03d8ecb5e) Importer(815301076,1909f56bfc062723c751e8b465ee728b)
Start importing Assets/XR using Guid(da502993b04f8d942be607c03d8ecb5e) Importer(815301076,1909f56bfc062723c751e8b465ee728b)  -> (artifact id: '7a96000993840142e42d584d56d4fed7') in 0.007943 seconds
  Import took 0.010538 seconds .

========================================================================
Received Import Request.
  Time since last request: 0.788890 seconds.
  path: Assets/StreamingAssets
  artifactKey: Guid(776f421d3f187894690ebbeb6f0f3a4d) Importer(815301076,1909f56bfc062723c751e8b465ee728b)
Start importing Assets/StreamingAssets using Guid(776f421d3f187894690ebbeb6f0f3a4d) Importer(815301076,1909f56bfc062723c751e8b465ee728b)  -> (artifact id: 'acf678f406e00f8e4b1c0bacd267ce03') in 0.006941 seconds
  Import took 0.008958 seconds .

========================================================================
Received Import Request.
  Time since last request: 0.000224 seconds.
  path: Assets/StreamingAssets
  artifactKey: Guid(776f421d3f187894690ebbeb6f0f3a4d) Importer(815301076,1909f56bfc062723c751e8b465ee728b)
Start importing Assets/StreamingAssets using Guid(776f421d3f187894690ebbeb6f0f3a4d) Importer(815301076,1909f56bfc062723c751e8b465ee728b)  -> (artifact id: 'acf678f406e00f8e4b1c0bacd267ce03') in 0.006521 seconds
  Import took 0.008479 seconds .

========================================================================
Received Import Request.
  Time since last request: 1.716033 seconds.
  path: Assets/SteamVR
  artifactKey: Guid(5ca00bf23d264854da14f56411cecf41) Importer(815301076,1909f56bfc062723c751e8b465ee728b)
Start importing Assets/SteamVR using Guid(5ca00bf23d264854da14f56411cecf41) Importer(815301076,1909f56bfc062723c751e8b465ee728b)  -> (artifact id: '4bb0499a496c3166f6f7fb3f0345e339') in 0.007429 seconds
  Import took 0.009390 seconds .

========================================================================
Received Import Request.
  Time since last request: 0.984619 seconds.
  path: Assets/Scenes
  artifactKey: Guid(a08a03968edd5884a8fe4097138a1ee9) Importer(815301076,1909f56bfc062723c751e8b465ee728b)
Start importing Assets/Scenes using Guid(a08a03968edd5884a8fe4097138a1ee9) Importer(815301076,1909f56bfc062723c751e8b465ee728b)  -> (artifact id: 'f4525e48abec2a3cd5c56fe567d17c70') in 0.007770 seconds
  Import took 0.009944 seconds .

========================================================================
Received Import Request.
  Time since last request: 8.427486 seconds.
  path: Assets/Scenes/SampleScene.unity
  artifactKey: Guid(9fc0d4010bbf28b4594072e72b8655ab) Importer(815301076,1909f56bfc062723c751e8b465ee728b)
Start importing Assets/Scenes/SampleScene.unity using Guid(9fc0d4010bbf28b4594072e72b8655ab) Importer(815301076,1909f56bfc062723c751e8b465ee728b)  -> (artifact id: '73375568fee951cd03f03eadad72722f') in 0.009134 seconds
  Import took 0.011477 seconds .

========================================================================
Received Import Request.
  Time since last request: 8.150969 seconds.
  path: Assets/SteamVR/SteamVR.asmdef
  artifactKey: Guid(1fbf338ef6b952a448262a7ff7df5fe4) Importer(815301076,1909f56bfc062723c751e8b465ee728b)
Start importing Assets/SteamVR/SteamVR.asmdef using Guid(1fbf338ef6b952a448262a7ff7df5fe4) Importer(815301076,1909f56bfc062723c751e8b465ee728b)  -> (artifact id: '6be8f99264d8e5ffb6d93b635484a04f') in 0.007917 seconds
  Import took 0.009919 seconds .

========================================================================
Received Import Request.
  Time since last request: 9.996168 seconds.
  path: Assets/SteamVR/Input
  artifactKey: Guid(034ad660702976d4da58a18ccae19443) Importer(815301076,1909f56bfc062723c751e8b465ee728b)
Start importing Assets/SteamVR/Input using Guid(034ad660702976d4da58a18ccae19443) Importer(815301076,1909f56bfc062723c751e8b465ee728b)  -> (artifact id: 'f082803d0585a1ce97c6be20b7cb7a1f') in 0.008252 seconds
  Import took 0.010250 seconds .

========================================================================
Received Import Request.
  Time since last request: 1.856398 seconds.
  path: Assets/SteamVR/Input/ExampleJSON
  artifactKey: Guid(0142ddd0457153743ba87f4fdd6bfaa7) Importer(815301076,1909f56bfc062723c751e8b465ee728b)
Start importing Assets/SteamVR/Input/ExampleJSON using Guid(0142ddd0457153743ba87f4fdd6bfaa7) Importer(815301076,1909f56bfc062723c751e8b465ee728b)  -> (artifact id: '32046de48ee58f7ed7e223e81983f1a2') in 0.006846 seconds
  Import took 0.008907 seconds .

========================================================================
Received Import Request.
  Time since last request: 0.004887 seconds.
  path: Assets/SteamVR/Input/ExampleJSON
  artifactKey: Guid(0142ddd0457153743ba87f4fdd6bfaa7) Importer(815301076,1909f56bfc062723c751e8b465ee728b)
Start importing Assets/SteamVR/Input/ExampleJSON using Guid(0142ddd0457153743ba87f4fdd6bfaa7) Importer(815301076,1909f56bfc062723c751e8b465ee728b)  -> (artifact id: '32046de48ee58f7ed7e223e81983f1a2') in 0.006353 seconds
  Import took 0.008527 seconds .

========================================================================
Received Import Request.
  Time since last request: 6.813479 seconds.
  path: Assets/SteamVR/Editor
  artifactKey: Guid(c33af0785775d7548b22541da37936fe) Importer(815301076,1909f56bfc062723c751e8b465ee728b)
Start importing Assets/SteamVR/Editor using Guid(c33af0785775d7548b22541da37936fe) Importer(815301076,1909f56bfc062723c751e8b465ee728b)  -> (artifact id: '501256b89f0d9f8b2d7cd9899a663a6d') in 0.008091 seconds
  Import took 0.010146 seconds .

========================================================================
Received Import Request.
  Time since last request: 10.524740 seconds.
  path: Assets/SteamVR/InteractionSystem
  artifactKey: Guid(c8941a9f98c35d84cb19a5e044467de9) Importer(815301076,1909f56bfc062723c751e8b465ee728b)
Start importing Assets/SteamVR/InteractionSystem using Guid(c8941a9f98c35d84cb19a5e044467de9) Importer(815301076,1909f56bfc062723c751e8b465ee728b)  -> (artifact id: '1bb377da020c2664fd234cd0dada2e9c') in 0.011291 seconds
  Import took 0.013311 seconds .

========================================================================
Received Import Request.
  Time since last request: 0.518082 seconds.
  path: Assets/SteamVR/InteractionSystem/Samples
  artifactKey: Guid(bd2dd58615e1ced41ae3178451fab370) Importer(815301076,1909f56bfc062723c751e8b465ee728b)
Start importing Assets/SteamVR/InteractionSystem/Samples using Guid(bd2dd58615e1ced41ae3178451fab370) Importer(815301076,1909f56bfc062723c751e8b465ee728b)  -> (artifact id: 'ab5e504c0d61537bf2f5e919dca1a33d') in 0.009424 seconds
  Import took 0.011591 seconds .

========================================================================
Received Import Request.
  Time since last request: 0.000397 seconds.
  path: Assets/SteamVR/InteractionSystem/Samples
  artifactKey: Guid(bd2dd58615e1ced41ae3178451fab370) Importer(815301076,1909f56bfc062723c751e8b465ee728b)
Start importing Assets/SteamVR/InteractionSystem/Samples using Guid(bd2dd58615e1ced41ae3178451fab370) Importer(815301076,1909f56bfc062723c751e8b465ee728b)  -> (artifact id: 'ab5e504c0d61537bf2f5e919dca1a33d') in 0.006704 seconds
  Import took 0.009005 seconds .

========================================================================
Received Import Request.
  Time since last request: 3.846580 seconds.
  path: Assets/SteamVR/InteractionSystem/Samples/Interactions_Example.unity
  artifactKey: Guid(e3b77830391f10343929883b18f4d5ae) Importer(815301076,1909f56bfc062723c751e8b465ee728b)
Start importing Assets/SteamVR/InteractionSystem/Samples/Interactions_Example.unity using Guid(e3b77830391f10343929883b18f4d5ae) Importer(815301076,1909f56bfc062723c751e8b465ee728b)  -> (artifact id: '9cbed86b72bbe1d25876a76a5e8d1151') in 0.010364 seconds
  Import took 0.012825 seconds .

========================================================================
Received Prepare
Registering precompiled user dll's ...
Registered in 0.005983 seconds.
Begin MonoManager ReloadAssembly
Native extension for WindowsStandalone target not found
Refreshing native plugins compatible for Editor in 0.41 ms, found 6 plugins.
Preloading 1 native plugins for Editor in 0.08 ms.
NullReferenceException: Object reference not set to an instance of an object
  at Unity.XR.Oculus.OculusLoader.AssetPathToAbsolutePath (System.String assetPath) [0x00048] in C:\Users\Student\3d-modellierung\Projekt2\Unity\New Unity Project\Library\PackageCache\com.unity.xr.oculus@1.9.1\Runtime\OculusLoader.cs:249 
  at Unity.XR.Oculus.OculusLoader.EditorLoadOVRPlugin () [0x0007b] in C:\Users\Student\3d-modellierung\Projekt2\Unity\New Unity Project\Library\PackageCache\com.unity.xr.oculus@1.9.1\Runtime\OculusLoader.cs:234 

(Filename: Library/PackageCache/com.unity.xr.oculus@1.9.1/Runtime/OculusLoader.cs Line: 249)

Mono: successfully reloaded assembly
- Completed reload, in  1.120 seconds
Platform modules already initialized, skipping
Refreshing native plugins compatible for Editor in 0.75 ms, found 6 plugins.
Preloading 1 native plugins for Editor in 0.10 ms.
Unloading 1420 Unused Serialized files (Serialized files now loaded: 0)
System memory in use before: 69.7 MB.
System memory in use after: 69.7 MB.

Unloading 8 unused Assets to reduce memory usage. Loaded Objects now: 1903.
Total: 3.482800 ms (FindLiveObjects: 0.277400 ms CreateObjectMapping: 0.120500 ms MarkObjects: 3.008500 ms  DeleteObjects: 0.074600 ms)

========================================================================
Received Prepare
Registering precompiled user dll's ...
Registered in 0.006214 seconds.
Begin MonoManager ReloadAssembly
Native extension for WindowsStandalone target not found
Refreshing native plugins compatible for Editor in 0.40 ms, found 6 plugins.
Preloading 1 native plugins for Editor in 0.10 ms.
NullReferenceException: Object reference not set to an instance of an object
  at Unity.XR.Oculus.OculusLoader.AssetPathToAbsolutePath (System.String assetPath) [0x00048] in C:\Users\Student\3d-modellierung\Projekt2\Unity\New Unity Project\Library\PackageCache\com.unity.xr.oculus@1.9.1\Runtime\OculusLoader.cs:249 
  at Unity.XR.Oculus.OculusLoader.EditorLoadOVRPlugin () [0x0007b] in C:\Users\Student\3d-modellierung\Projekt2\Unity\New Unity Project\Library\PackageCache\com.unity.xr.oculus@1.9.1\Runtime\OculusLoader.cs:234 

(Filename: Library/PackageCache/com.unity.xr.oculus@1.9.1/Runtime/OculusLoader.cs Line: 249)

Mono: successfully reloaded assembly
- Completed reload, in  0.972 seconds
Platform modules already initialized, skipping
Refreshing native plugins compatible for Editor in 0.77 ms, found 6 plugins.
Preloading 1 native plugins for Editor in 0.14 ms.
Unloading 1427 Unused Serialized files (Serialized files now loaded: 0)
System memory in use before: 69.9 MB.
System memory in use after: 69.9 MB.

Unloading 8 unused Assets to reduce memory usage. Loaded Objects now: 1914.
Total: 2.243300 ms (FindLiveObjects: 0.227500 ms CreateObjectMapping: 0.081300 ms MarkObjects: 1.861400 ms  DeleteObjects: 0.070000 ms)

========================================================================
Received Prepare
Registering precompiled user dll's ...
Registered in 0.007082 seconds.
Begin MonoManager ReloadAssembly
Native extension for WindowsStandalone target not found
Refreshing native plugins compatible for Editor in 0.38 ms, found 6 plugins.
Preloading 1 native plugins for Editor in 0.09 ms.
NullReferenceException: Object reference not set to an instance of an object
  at Unity.XR.Oculus.OculusLoader.AssetPathToAbsolutePath (System.String assetPath) [0x00048] in C:\Users\Student\3d-modellierung\Projekt2\Unity\New Unity Project\Library\PackageCache\com.unity.xr.oculus@1.9.1\Runtime\OculusLoader.cs:249 
  at Unity.XR.Oculus.OculusLoader.EditorLoadOVRPlugin () [0x0007b] in C:\Users\Student\3d-modellierung\Projekt2\Unity\New Unity Project\Library\PackageCache\com.unity.xr.oculus@1.9.1\Runtime\OculusLoader.cs:234 

(Filename: Library/PackageCache/com.unity.xr.oculus@1.9.1/Runtime/OculusLoader.cs Line: 249)

Mono: successfully reloaded assembly
- Completed reload, in  0.666 seconds
Platform modules already initialized, skipping
Refreshing native plugins compatible for Editor in 0.47 ms, found 6 plugins.
Preloading 1 native plugins for Editor in 0.09 ms.
Unloading 1427 Unused Serialized files (Serialized files now loaded: 0)
System memory in use before: 69.9 MB.
System memory in use after: 70.0 MB.

Unloading 8 unused Assets to reduce memory usage. Loaded Objects now: 1918.
Total: 1.426100 ms (FindLiveObjects: 0.127300 ms CreateObjectMapping: 0.037100 ms MarkObjects: 1.221100 ms  DeleteObjects: 0.039900 ms)

AssetImportWorkerClient::OnTransportError - code=2 error=End of file
